2021-08-18 09:57:41,572 INFO o.a.j.u.JMeterUtils: Setting Locale to en_EN
2021-08-18 09:57:41,686 INFO o.a.j.JMeter: Loading user properties from: C:\apache-jmeter-5.4.1\bin\user.properties
2021-08-18 09:57:41,716 INFO o.a.j.JMeter: Loading system properties from: C:\apache-jmeter-5.4.1\bin\system.properties
2021-08-18 09:57:41,717 INFO o.a.j.JMeter: Setting JMeter property: DatabricksDatabaseName=dataset_1tb
2021-08-18 09:57:41,718 INFO o.a.j.JMeter: Setting JMeter property: DatabricksConnectionString=jdbc:spark://adb-8134281829011321.1.azuredatabricks.net:443/default;transportMode=http;ssl=1;httpPath=sql/protocolv1/o/8134281829011321/0504-155012-sweep261;AuthMech=3;UID=token;PWD=dapic5b3353fc1890707ac56685ba3f070b5-2
2021-08-18 09:57:41,718 INFO o.a.j.JMeter: Setting JMeter property: SQLAnalyticsConnectionString=jdbc:spark://adb-8134281829011321.1.azuredatabricks.net:443/default;transportMode=http;ssl=1;AuthMech=3;httpPath=/sql/1.0/endpoints/028cdde766d03122;UID=token;PWD=dapi9963b7ab5764db4aab1aaa1794441ab2-2
2021-08-18 09:57:41,719 INFO o.a.j.JMeter: Setting JMeter property: SynapseConnectionString=jdbc:sqlserver://synanalytics20pocwe.sql.azuresynapse.net:1433;database=DemoDW;user=tester@synanalytics20pocwe;password=bwKm1u8qEb344MXtRAPo;encrypt=true;trustServerCertificate=false;hostNameInCertificate=*.sql.azuresynapse.net;loginTimeout=30;
2021-08-18 09:57:41,719 INFO o.a.j.JMeter: Setting JMeter property: NumberOfQueries=99
2021-08-18 09:57:41,719 INFO o.a.j.JMeter: Setting JMeter property: RepeatQueryCount=3
2021-08-18 09:57:41,720 INFO o.a.j.JMeter: Setting JMeter property: QueriesDirectory=C:/Users/repajta/OneDrive - Microsoft/Documents/MyRepos/synapse-tpcds-kit/jmeter/queries
2021-08-18 09:57:41,720 INFO o.a.j.JMeter: Setting JMeter property: QueriesConfig=C:/Users/repajta/OneDrive - Microsoft/Documents/MyRepos/synapse-tpcds-kit/jmeter/queries/queries.csv
2021-08-18 09:57:41,720 INFO o.a.j.JMeter: Setting JMeter property: ResultsDirectory=C:/Users/repajta/Documents/MyRepos/synapse-tpcds-kit/jmeter/results/run_20210818095713
2021-08-18 09:57:41,760 INFO o.a.j.JMeter: Copyright (c) 1998-2021 The Apache Software Foundation
2021-08-18 09:57:41,760 INFO o.a.j.JMeter: Version 5.4.1
2021-08-18 09:57:41,760 INFO o.a.j.JMeter: java.version=1.8.0_262
2021-08-18 09:57:41,761 INFO o.a.j.JMeter: java.vm.name=OpenJDK 64-Bit Server VM
2021-08-18 09:57:41,761 INFO o.a.j.JMeter: os.name=Windows 10
2021-08-18 09:57:41,761 INFO o.a.j.JMeter: os.arch=amd64
2021-08-18 09:57:41,761 INFO o.a.j.JMeter: os.version=10.0
2021-08-18 09:57:41,762 INFO o.a.j.JMeter: file.encoding=Cp1252
2021-08-18 09:57:41,762 INFO o.a.j.JMeter: java.awt.headless=null
2021-08-18 09:57:41,763 INFO o.a.j.JMeter: Max memory     =1073741824
2021-08-18 09:57:41,763 INFO o.a.j.JMeter: Available Processors =8
2021-08-18 09:57:41,782 INFO o.a.j.JMeter: Default Locale=English (EN)
2021-08-18 09:57:41,783 INFO o.a.j.JMeter: JMeter  Locale=English (EN)
2021-08-18 09:57:41,784 INFO o.a.j.JMeter: JMeterHome=C:\apache-jmeter-5.4.1
2021-08-18 09:57:41,784 INFO o.a.j.JMeter: user.dir  =C:\Users\repajta\OneDrive - Microsoft\Documents\MyRepos\synapse-tpcds-kit\jmeter
2021-08-18 09:57:41,786 INFO o.a.j.JMeter: PWD       =C:\Users\repajta\OneDrive - Microsoft\Documents\MyRepos\synapse-tpcds-kit\jmeter
2021-08-18 09:57:42,121 INFO o.a.j.JMeter: IP: 192.168.1.54 Name: DESKTOP-UF191TR FullName: MININT-Johnny.redmond.corp.microsoft.com
2021-08-18 09:57:42,908 INFO o.a.j.JMeter: Setting LAF to: laf:javax.swing.plaf.nimbus.NimbusLookAndFeel
2021-08-18 09:57:43,773 INFO o.a.j.JMeter: Loaded icon properties from org/apache/jmeter/images/icon.properties
2021-08-18 09:57:52,458 INFO o.a.j.JMeter: Loading file: C:\Users\repajta\OneDrive - Microsoft\Documents\MyRepos\synapse-tpcds-kit\jmeter\TPC-DS Performance Benchmark - Synapse.jmx
2021-08-18 09:57:52,466 INFO o.a.j.s.FileServer: Default base='C:\Users\repajta\OneDrive - Microsoft\Documents\MyRepos\synapse-tpcds-kit\jmeter'
2021-08-18 09:57:52,471 INFO o.a.j.s.FileServer: Set new base='C:\Users\repajta\OneDrive - Microsoft\Documents\MyRepos\synapse-tpcds-kit\jmeter'
2021-08-18 09:57:53,530 INFO o.a.j.s.SaveService: Testplan (JMX) version: 2.2. Testlog (JTL) version: 2.2
2021-08-18 09:57:53,646 INFO o.a.j.s.SaveService: Using SaveService properties file encoding UTF-8
2021-08-18 09:57:53,652 INFO o.a.j.s.SaveService: Using SaveService properties version 5.0
2021-08-18 09:57:53,666 INFO o.a.j.s.SaveService: Loading file: C:\Users\repajta\OneDrive - Microsoft\Documents\MyRepos\synapse-tpcds-kit\jmeter\TPC-DS Performance Benchmark - Synapse.jmx
2021-08-18 09:57:54,040 INFO o.a.j.s.FileServer: Set new base='C:\Users\repajta\OneDrive - Microsoft\Documents\MyRepos\synapse-tpcds-kit\jmeter'
2021-08-18 09:57:55,681 INFO o.a.j.s.SampleResult: Note: Sample TimeStamps are START times
2021-08-18 09:57:55,682 INFO o.a.j.s.SampleResult: sampleresult.default.encoding is set to ISO-8859-1
2021-08-18 09:57:55,683 INFO o.a.j.s.SampleResult: sampleresult.useNanoTime=true
2021-08-18 09:57:55,683 INFO o.a.j.s.SampleResult: sampleresult.nanoThreadSleep=5000
2021-08-18 09:57:56,428 INFO o.a.j.v.ViewResultsFullVisualizer: Add JavaFX to your Java installation if you want to use renderer: org.apache.jmeter.visualizers.RenderInBrowser
2021-08-18 09:57:57,073 INFO o.a.j.v.ViewResultsFullVisualizer: Add JavaFX to your Java installation if you want to use renderer: org.apache.jmeter.visualizers.RenderInBrowser
2021-08-18 09:57:57,468 INFO o.a.j.v.ViewResultsFullVisualizer: Add JavaFX to your Java installation if you want to use renderer: org.apache.jmeter.visualizers.RenderInBrowser
2021-08-18 09:57:57,826 INFO o.a.j.v.ViewResultsFullVisualizer: Add JavaFX to your Java installation if you want to use renderer: org.apache.jmeter.visualizers.RenderInBrowser
2021-08-18 09:57:58,080 INFO o.a.j.v.ViewResultsFullVisualizer: Add JavaFX to your Java installation if you want to use renderer: org.apache.jmeter.visualizers.RenderInBrowser
